{
  "RSpec": {
    "coverage": {
      "/Users/miriti/Projects/Ruby/file-transfer-app/config/environment.rb": [
        null,
        1,
        null,
        null,
        1
      ],
      "/Users/miriti/Projects/Ruby/file-transfer-app/config/application.rb": [
        1,
        null,
        1,
        null,
        null,
        null,
        1,
        null,
        1,
        1,
        null,
        1,
        null,
        null,
        null,
        null,
        null,
        null,
        null
      ],
      "/Users/miriti/Projects/Ruby/file-transfer-app/config/boot.rb": [
        1,
        null,
        1,
        1
      ],
      "/Users/miriti/Projects/Ruby/file-transfer-app/config/environments/test.rb": [
        1,
        null,
        null,
        null,
        null,
        null,
        null,
        1,
        null,
        null,
        null,
        null,
        1,
        null,
        null,
        1,
        1,
        null,
        null,
        null,
        null,
        1,
        1,
        null,
        null,
        1,
        null,
        null,
        1,
        null,
        null,
        1,
        null,
        1,
        null,
        null,
        null,
        null,
        1,
        null,
        null,
        1,
        null,
        null,
        null,
        null
      ],
      "/Users/miriti/Projects/Ruby/file-transfer-app/config/initializers/application_controller_renderer.rb": [
        null,
        null,
        null,
        null,
        null,
        null,
        null,
        null
      ],
      "/Users/miriti/Projects/Ruby/file-transfer-app/config/initializers/assets.rb": [
        null,
        null,
        null,
        1,
        null,
        null,
        null,
        null,
        1,
        null,
        null,
        null,
        null,
        null
      ],
      "/Users/miriti/Projects/Ruby/file-transfer-app/config/initializers/backtrace_silencers.rb": [
        null,
        null,
        null,
        null,
        null,
        null,
        null,
        null,
        null
      ],
      "/Users/miriti/Projects/Ruby/file-transfer-app/config/initializers/content_security_policy.rb": [
        null,
        null,
        null,
        null,
        null,
        null,
        null,
        null,
        null,
        null,
        null,
        null,
        null,
        null,
        null,
        null,
        null,
        null,
        null,
        null,
        null,
        null,
        null,
        null,
        null,
        null,
        null,
        null
      ],
      "/Users/miriti/Projects/Ruby/file-transfer-app/config/initializers/cookies_serializer.rb": [
        null,
        null,
        null,
        null,
        1
      ],
      "/Users/miriti/Projects/Ruby/file-transfer-app/config/initializers/devise.rb": [
        null,
        null,
        null,
        null,
        1,
        null,
        null,
        null,
        null,
        null,
        null,
        null,
        null,
        null,
        null,
        null,
        null,
        null,
        null,
        null,
        1,
        null,
        null,
        null,
        null,
        null,
        null,
        null,
        null,
        null,
        null,
        null,
        1,
        null,
        null,
        null,
        null,
        null,
        null,
        null,
        null,
        null,
        null,
        null,
        null,
        null,
        null,
        null,
        null,
        null,
        null,
        null,
        null,
        null,
        1,
        null,
        null,
        null,
        null,
        1,
        null,
        null,
        null,
        null,
        null,
        null,
        null,
        null,
        null,
        null,
        null,
        null,
        null,
        null,
        null,
        null,
        null,
        null,
        null,
        null,
        null,
        null,
        null,
        null,
        null,
        null,
        null,
        null,
        null,
        null,
        1,
        null,
        null,
        null,
        null,
        null,
        null,
        null,
        null,
        null,
        null,
        null,
        null,
        null,
        null,
        null,
        null,
        null,
        null,
        null,
        null,
        null,
        null,
        1,
        null,
        null,
        null,
        null,
        null,
        null,
        null,
        null,
        null,
        null,
        null,
        null,
        null,
        null,
        null,
        null,
        null,
        null,
        null,
        null,
        null,
        null,
        null,
        null,
        null,
        null,
        null,
        null,
        null,
        null,
        null,
        null,
        null,
        1,
        null,
        null,
        null,
        null,
        null,
        null,
        null,
        null,
        null,
        1,
        null,
        null,
        null,
        null,
        null,
        null,
        null,
        null,
        null,
        null,
        1,
        null,
        null,
        null,
        null,
        1,
        null,
        null,
        null,
        null,
        null,
        null,
        null,
        null,
        null,
        null,
        null,
        null,
        null,
        null,
        null,
        null,
        null,
        null,
        null,
        null,
        null,
        null,
        null,
        null,
        null,
        null,
        null,
        null,
        null,
        null,
        null,
        null,
        null,
        null,
        null,
        null,
        null,
        null,
        null,
        null,
        1,
        null,
        null,
        null,
        null,
        null,
        null,
        null,
        null,
        null,
        null,
        null,
        null,
        null,
        null,
        null,
        null,
        null,
        null,
        null,
        null,
        null,
        null,
        null,
        null,
        null,
        null,
        null,
        null,
        null,
        null,
        null,
        null,
        null,
        null,
        null,
        null,
        null,
        null,
        null,
        null,
        null,
        1,
        null,
        null,
        null,
        null,
        null,
        null,
        null,
        null,
        null,
        null,
        null,
        null,
        null,
        null,
        null,
        null,
        null,
        null,
        null,
        null,
        null,
        null,
        null,
        null,
        null,
        null,
        null,
        null,
        null,
        null,
        null,
        null,
        null,
        null,
        null,
        null,
        null,
        null,
        null,
        null,
        null,
        null
      ],
      "/Users/miriti/Projects/Ruby/file-transfer-app/config/initializers/filter_parameter_logging.rb": [
        null,
        null,
        null,
        1
      ],
      "/Users/miriti/Projects/Ruby/file-transfer-app/config/initializers/inflections.rb": [
        null,
        null,
        null,
        null,
        null,
        null,
        null,
        null,
        null,
        null,
        null,
        null,
        null,
        null,
        null,
        null
      ],
      "/Users/miriti/Projects/Ruby/file-transfer-app/config/initializers/mime_types.rb": [
        null,
        null,
        null,
        null
      ],
      "/Users/miriti/Projects/Ruby/file-transfer-app/config/initializers/wrap_parameters.rb": [
        null,
        null,
        null,
        null,
        null,
        null,
        1,
        2,
        null,
        null,
        null,
        null,
        null,
        null
      ],
      "/Users/miriti/Projects/Ruby/file-transfer-app/config/routes.rb": [
        1,
        1,
        1,
        1,
        null,
        null
      ],
      "/Users/miriti/Projects/Ruby/file-transfer-app/app/models/user.rb": [
        1,
        null,
        null,
        1,
        null,
        1,
        null
      ],
      "/Users/miriti/Projects/Ruby/file-transfer-app/app/models/application_record.rb": [
        1,
        1,
        null
      ],
      "/Users/miriti/Projects/Ruby/file-transfer-app/app/helpers/application_helper.rb": [
        1,
        null
      ],
      "/Users/miriti/Projects/Ruby/file-transfer-app/app/helpers/media_files_helper.rb": [
        1,
        null
      ],
      "/Users/miriti/Projects/Ruby/file-transfer-app/app/controllers/media_files_controller.rb": [
        1,
        1,
        null,
        null,
        null,
        1,
        0,
        null,
        null,
        null,
        null,
        1,
        null,
        null,
        null,
        1,
        0,
        null,
        null,
        null,
        1,
        null,
        null,
        null,
        null,
        1,
        0,
        null,
        0,
        0,
        0,
        0,
        null,
        0,
        0,
        null,
        null,
        0,
        0,
        0,
        null,
        null,
        null,
        null,
        null,
        null,
        null,
        1,
        0,
        0,
        0,
        0,
        null,
        null,
        0,
        null,
        0,
        0,
        0,
        null,
        null,
        null,
        null,
        null,
        null,
        null,
        null,
        1,
        0,
        0,
        0,
        0,
        null,
        null,
        0,
        null,
        null,
        null,
        1,
        null,
        null,
        1,
        0,
        null,
        null,
        null,
        1,
        0,
        0,
        null,
        null
      ],
      "/Users/miriti/Projects/Ruby/file-transfer-app/app/controllers/application_controller.rb": [
        1,
        1,
        null
      ],
      "/Users/miriti/Projects/Ruby/file-transfer-app/spec/helpers/media_files_helper_spec.rb": [
        1,
        null,
        null,
        null,
        null,
        null,
        null,
        null,
        null,
        null,
        null,
        null,
        1,
        1,
        null
      ],
      "/Users/miriti/Projects/Ruby/file-transfer-app/spec/models/media_file_spec.rb": [
        1,
        null,
        1,
        1,
        null
      ],
      "/Users/miriti/Projects/Ruby/file-transfer-app/app/models/media_file.rb": [
        1,
        1,
        1,
        null
      ],
      "/Users/miriti/Projects/Ruby/file-transfer-app/spec/models/user_spec.rb": [
        1,
        null,
        1,
        1,
        1,
        null,
        null,
        null,
        null,
        1,
        null,
        null
      ],
      "/Users/miriti/Projects/Ruby/file-transfer-app/spec/requests/media_files_spec.rb": [
        1,
        null,
        1,
        1,
        1,
        1,
        1,
        null,
        null,
        null
      ],
      "/Users/miriti/Projects/Ruby/file-transfer-app/spec/routing/media_files_routing_spec.rb": [
        1,
        null,
        1,
        1,
        1,
        1,
        null,
        null,
        1,
        1,
        null,
        null,
        1,
        1,
        null,
        null,
        1,
        1,
        null,
        null,
        1,
        1,
        null,
        null,
        1,
        1,
        null,
        null,
        1,
        1,
        null,
        null,
        1,
        1,
        null,
        null,
        null
      ],
      "/Users/miriti/Projects/Ruby/file-transfer-app/spec/views/media_files/edit.html.erb_spec.rb": [
        1,
        null,
        1,
        1,
        1,
        null,
        null,
        null,
        null,
        null,
        1,
        0,
        null,
        0,
        0,
        null,
        0,
        null,
        null,
        null
      ],
      "/Users/miriti/Projects/Ruby/file-transfer-app/spec/views/media_files/index.html.erb_spec.rb": [
        1,
        null,
        1,
        1,
        1,
        null,
        null,
        null,
        null,
        null,
        null,
        null,
        null,
        null,
        null,
        null,
        1,
        0,
        0,
        0,
        null,
        null
      ],
      "/Users/miriti/Projects/Ruby/file-transfer-app/spec/views/media_files/new.html.erb_spec.rb": [
        1,
        null,
        1,
        1,
        1,
        null,
        null,
        null,
        null,
        null,
        1,
        1,
        null,
        1,
        1,
        null,
        0,
        null,
        null,
        null
      ],
      "/Users/miriti/Projects/Ruby/file-transfer-app/spec/views/media_files/show.html.erb_spec.rb": [
        1,
        null,
        1,
        1,
        1,
        null,
        null,
        null,
        null,
        null,
        1,
        0,
        0,
        0,
        null,
        null
      ]
    },
    "timestamp": 1565166243
  }
}
